<?xml version="1.0" encoding="UTF-8"?>
<!-- Generated by org.testng.reporters.JUnitXMLReporter -->
<testsuite hostname="ARAVINDA-DELL-PERSONAL" ignored="4" name="GRP-maruthi" tests="2" failures="0" timestamp="19 Aug 2022 08:50:13 GMT" time="0.024" errors="0">
  <testcase name="ertiga" time="0.007" classname="com.synechron.testng.Cars"/>
  <testcase name="swift" time="0.001" classname="com.synechron.testng.Cars"/>
  <testcase name="carnival" time="0.0" classname="com.synechron.testng.Cars">
    <ignored/>
  </testcase> <!-- carnival -->
  <testcase name="celtos" time="0.0" classname="com.synechron.testng.Cars">
    <ignored/>
  </testcase> <!-- celtos -->
  <testcase name="innova" time="0.0" classname="com.synechron.testng.Cars">
    <ignored/>
  </testcase> <!-- innova -->
  <testcase name="fortuner" time="0.0" classname="com.synechron.testng.Cars">
    <ignored/>
  </testcase> <!-- fortuner -->
</testsuite> <!-- GRP-maruthi -->
