<?xml version="1.0" encoding="UTF-8"?>
<!-- Generated by org.testng.reporters.JUnitXMLReporter -->
<testsuite hostname="ARAVINDA-DELL-PERSONAL" ignored="0" name="Default test" tests="5" failures="0" timestamp="19 Aug 2022 10:14:33 GMT" time="19.081" errors="0">
  <testcase name="fillForm" time="4.11" classname="com.synechron.testng.test.FormFillUsingPOMGrid"/>
  <testcase name="fillForm" time="1.205" classname="com.synechron.testng.test.FormFillUsingPOMGrid"/>
  <testcase name="fillForm" time="1.464" classname="com.synechron.testng.test.FormFillUsingPOMGrid"/>
  <testcase name="fillForm" time="0.689" classname="com.synechron.testng.test.FormFillUsingPOMGrid"/>
  <testcase name="fillForm" time="0.666" classname="com.synechron.testng.test.FormFillUsingPOMGrid"/>
</testsuite> <!-- Default test -->
